<?xml version="1.0" encoding="UTF-8"?>
<!-- Generated by org.testng.reporters.JUnitReportReporter -->
<testsuite hostname="DESKTOP-S31V9H5" failures="0" tests="1" name="testpackage.MavenTest1" time="43.965" errors="0" timestamp="2023-05-24T14:37:37 EEST" skipped="0">
  <testcase classname="testpackage.MavenTest1" name="test" time="43.965"/>
  <system-out/>
</testsuite> <!-- testpackage.MavenTest1 -->
